c:\users\user\documents\visual studio 2013\projects\juniorc++\src_sample8\consolengine\debug\vc120.pdb
c:\users\user\documents\visual studio 2013\projects\juniorc++\src_sample8\consolengine\debug\vc120.idb
c:\users\user\documents\visual studio 2013\projects\juniorc++\src_sample8\consolengine\debug\baseapp.obj
c:\users\user\documents\visual studio 2013\projects\juniorc++\src_sample8\consolengine\debug\figure.obj
c:\users\user\documents\visual studio 2013\projects\juniorc++\src_sample8\consolengine\debug\ifigure.obj
c:\users\user\documents\visual studio 2013\projects\juniorc++\src_sample8\consolengine\debug\jfigure.obj
c:\users\user\documents\visual studio 2013\projects\juniorc++\src_sample8\consolengine\debug\main.obj
c:\users\user\documents\visual studio 2013\projects\juniorc++\src_sample8\consolengine\debug\ofigure.obj
c:\users\user\documents\visual studio 2013\projects\juniorc++\src_sample8\consolengine\debug\point.obj
c:\users\user\documents\visual studio 2013\projects\juniorc++\src_sample8\consolengine\debug\sfigure.obj
c:\users\user\documents\visual studio 2013\projects\juniorc++\src_sample8\consolengine\debug\tfigure.obj
c:\users\user\documents\visual studio 2013\projects\juniorc++\src_sample8\consolengine\debug\zfigure.obj
c:\users\user\documents\visual studio 2013\projects\juniorc++\src_sample8\consolengine\debug\testapp.obj
c:\users\user\documents\visual studio 2013\projects\juniorc++\src_sample9\consolengine\debug\vc120.pdb
c:\users\user\documents\visual studio 2013\projects\juniorc++\src_sample9\consolengine\debug\vc120.idb
c:\users\user\documents\visual studio 2013\projects\juniorc++\src_sample9\consolengine\debug\baseapp.obj
c:\users\user\documents\visual studio 2013\projects\juniorc++\src_sample9\consolengine\debug\figure.obj
c:\users\user\documents\visual studio 2013\projects\juniorc++\src_sample9\consolengine\debug\ifigure.obj
c:\users\user\documents\visual studio 2013\projects\juniorc++\src_sample9\consolengine\debug\jfigure.obj
c:\users\user\documents\visual studio 2013\projects\juniorc++\src_sample9\consolengine\debug\ofigure.obj
c:\users\user\documents\visual studio 2013\projects\juniorc++\src_sample9\consolengine\debug\point.obj
c:\users\user\documents\visual studio 2013\projects\juniorc++\src_sample9\consolengine\debug\sfigure.obj
c:\users\user\documents\visual studio 2013\projects\juniorc++\src_sample9\consolengine\debug\testapp.obj
c:\users\user\documents\visual studio 2013\projects\juniorc++\src_sample9\consolengine\debug\tfigure.obj
c:\users\user\documents\visual studio 2013\projects\juniorc++\src_sample9\consolengine\debug\zfigure.obj
c:\users\user\documents\visual studio 2013\projects\juniorc++\src_sample9\consolengine\debug\main.obj
c:\users\user\documents\visual studio 2013\projects\juniorc++\src_sample13\consolengine\debug\vc120.pdb
c:\users\user\documents\visual studio 2013\projects\juniorc++\src_sample13\consolengine\debug\vc120.idb
c:\users\user\documents\visual studio 2013\projects\juniorc++\src_sample13\consolengine\debug\figure.obj
c:\users\user\documents\visual studio 2013\projects\juniorc++\src_sample13\consolengine\debug\ifigure.obj
c:\users\user\documents\visual studio 2013\projects\juniorc++\src_sample13\consolengine\debug\jfigure.obj
c:\users\user\documents\visual studio 2013\projects\juniorc++\src_sample13\consolengine\debug\ofigure.obj
c:\users\user\documents\visual studio 2013\projects\juniorc++\src_sample13\consolengine\debug\sfigure.obj
c:\users\user\documents\visual studio 2013\projects\juniorc++\src_sample13\consolengine\debug\tfigure.obj
c:\users\user\documents\visual studio 2013\projects\juniorc++\src_sample13\consolengine\debug\zfigure.obj
c:\users\user\documents\visual studio 2013\projects\juniorc++\src_sample13\consolengine\debug\point.obj
c:\users\user\documents\visual studio 2013\projects\juniorc++\src_sample13\consolengine\debug\baseapp.obj
c:\users\user\documents\visual studio 2013\projects\juniorc++\src_sample13\consolengine\debug\testapp.obj
c:\users\user\documents\visual studio 2013\projects\juniorc++\src_sample13\consolengine\debug\main.obj
c:\users\user\documents\visual studio 2013\projects\juniorc++\src_sample13\consolengine\debug\floor.obj
c:\users\user\documents\visual studio 2013\projects\juniorc++\src_sample15\consolengine\debug\vc120.pdb
c:\users\user\documents\visual studio 2013\projects\juniorc++\src_sample15\consolengine\debug\vc120.idb
c:\users\user\documents\visual studio 2013\projects\juniorc++\src_sample15\consolengine\debug\floor.obj
c:\users\user\documents\visual studio 2013\projects\juniorc++\src_sample15\consolengine\debug\testapp.obj
c:\users\user\documents\visual studio 2013\projects\juniorc++\src_sample8\debug\consolengine.ilk
c:\users\user\documents\visual studio 2013\projects\juniorc++\src_sample8\debug\consolengine.exe
c:\users\user\documents\visual studio 2013\projects\juniorc++\src_sample8\debug\consolengine.pdb
c:\users\user\documents\visual studio 2013\projects\juniorc++\src_sample9\debug\consolengine.ilk
c:\users\user\documents\visual studio 2013\projects\juniorc++\src_sample9\debug\consolengine.exe
c:\users\user\documents\visual studio 2013\projects\juniorc++\src_sample9\debug\consolengine.pdb
c:\users\user\documents\visual studio 2013\projects\juniorc++\src_sample13\debug\consolengine.ilk
c:\users\user\documents\visual studio 2013\projects\juniorc++\src_sample13\debug\consolengine.exe
c:\users\user\documents\visual studio 2013\projects\juniorc++\src_sample13\debug\consolengine.pdb
c:\users\user\documents\visual studio 2013\projects\juniorc++\src_sample15\debug\consolengine.ilk
c:\users\user\documents\visual studio 2013\projects\juniorc++\src_sample15\debug\consolengine.exe
c:\users\user\documents\visual studio 2013\projects\juniorc++\src_sample15\debug\consolengine.pdb
c:\users\user\documents\visual studio 2013\projects\juniorc++\src_sample15\consolengine\debug\lfigure.obj
c:\users\user\documents\visual studio 2013\projects\juniorc++\src_sample15\consolengine\debug\consolengine.tlog\cl.command.1.tlog
c:\users\user\documents\visual studio 2013\projects\juniorc++\src_sample15\consolengine\debug\consolengine.tlog\cl.read.1.tlog
c:\users\user\documents\visual studio 2013\projects\juniorc++\src_sample15\consolengine\debug\consolengine.tlog\cl.write.1.tlog
c:\users\user\documents\visual studio 2013\projects\juniorc++\src_sample15\consolengine\debug\consolengine.tlog\link.command.1.tlog
c:\users\user\documents\visual studio 2013\projects\juniorc++\src_sample15\consolengine\debug\consolengine.tlog\link.read.1.tlog
c:\users\user\documents\visual studio 2013\projects\juniorc++\src_sample15\consolengine\debug\consolengine.tlog\link.write.1.tlog
