Build started 11.04.2019 16:33:00.
     1>Project "C:\Users\User\Documents\Visual Studio 2013\Projects\JuniorC++\src_sample_62\ConsolEngine\ConsolEngine.vcxproj" on node 2 (Build target(s)).
     1>ClCompile:
         C:\Program Files\Microsoft Visual Studio 12.0\VC\bin\CL.exe /c /ZI /nologo /W3 /WX- /Od /Oy- /D WIN32 /D _DEBUG /D _CONSOLE /Gm /EHsc /RTC1 /MDd /GS /fp:precise /Zc:wchar_t /Zc:forScope /Fo"Debug\\" /Fd"Debug\vc120.pdb" /Gd /TP /analyze- /errorReport:prompt TestApp.cpp
         TestApp.cpp
     1>c:\users\user\documents\visual studio 2013\projects\juniorc++\src_sample_62\consolengine\testapp.cpp(50): warning C4018: '<' : signed/unsigned mismatch
     1>c:\users\user\documents\visual studio 2013\projects\juniorc++\src_sample_62\consolengine\testapp.cpp(155): warning C4018: '<' : signed/unsigned mismatch
     1>c:\users\user\documents\visual studio 2013\projects\juniorc++\src_sample_62\consolengine\testapp.cpp(376): warning C4244: 'argument' : conversion from 'time_t' to 'unsigned int', possible loss of data
     1>c:\users\user\documents\visual studio 2013\projects\juniorc++\src_sample_62\consolengine\testapp.cpp(410): warning C4715: 'TestApp::CreateFigure' : not all control paths return a value
       Link:
         C:\Program Files\Microsoft Visual Studio 12.0\VC\bin\link.exe /ERRORREPORT:PROMPT /OUT:"C:\Users\User\Documents\Visual Studio 2013\Projects\JuniorC++\src_sample_62\Debug\ConsolEngine.exe" /INCREMENTAL /NOLOGO kernel32.lib user32.lib gdi32.lib winspool.lib comdlg32.lib advapi32.lib shell32.lib ole32.lib oleaut32.lib uuid.lib odbc32.lib odbccp32.lib /MANIFEST /MANIFESTUAC:"level='asInvoker' uiAccess='false'" /manifest:embed /DEBUG /PDB:"C:\Users\User\Documents\Visual Studio 2013\Projects\JuniorC++\src_sample_62\Debug\ConsolEngine.pdb" /SUBSYSTEM:CONSOLE /HEAP:"8000","16" /STACK:"8000","16" /TLBID:1 /DYNAMICBASE /NXCOMPAT /IMPLIB:"C:\Users\User\Documents\Visual Studio 2013\Projects\JuniorC++\src_sample_62\Debug\ConsolEngine.lib" /MACHINE:X86 /SAFESEH Debug\BaseApp.obj
         Debug\Building.obj
         Debug\Figure.obj
         Debug\Ifigure.obj
         Debug\Jfigure.obj
         Debug\main.obj
         Debug\Ofigure.obj
         Debug\Point.obj
         Debug\Sfigure.obj
         Debug\TestApp.obj
         Debug\Tfigure.obj
         Debug\Zfigure.obj
         ConsolEngine.vcxproj -> C:\Users\User\Documents\Visual Studio 2013\Projects\JuniorC++\src_sample_62\Debug\ConsolEngine.exe
     1>Done Building Project "C:\Users\User\Documents\Visual Studio 2013\Projects\JuniorC++\src_sample_62\ConsolEngine\ConsolEngine.vcxproj" (Build target(s)).

Build succeeded.

Time Elapsed 00:00:12.16
